INFO: 2025/12/18 17:09:59 log.go:52: 数据库链接成功
INFO: 2025/12/18 17:09:59 log.go:52: 数据库迁移成功
INFO: 2025/12/18 17:09:59 log.go:52: 服务已经启动：8081
INFO: 2025/12/18 17:11:12 log.go:52: 获取文章列表成功: 1
INFO: 2025/12/18 22:59:20 log.go:52: 数据库链接成功
INFO: 2025/12/18 22:59:20 log.go:52: 数据库迁移成功
INFO: 2025/12/18 22:59:20 log.go:52: 服务已经启动：8081
INFO: 2025/12/18 23:27:39 log.go:52: 数据库链接成功
INFO: 2025/12/18 23:27:39 log.go:52: 数据库迁移成功
INFO: 2025/12/18 23:27:39 log.go:52: 服务已经启动：8081
INFO: 2025/12/18 23:28:01 log.go:52: 获取文章列表成功: 1
INFO: 2025/12/18 23:33:30 log.go:52: 数据库链接成功
INFO: 2025/12/18 23:33:30 log.go:52: 数据库迁移成功
INFO: 2025/12/18 23:33:30 log.go:52: 服务已经启动：8081
INFO: 2025/12/18 23:33:34 log.go:52: 获取文章列表成功: 1
INFO: 2025/12/18 23:33:58 log.go:52: 获取文章列表成功: 1
INFO: 2025/12/18 23:35:35 log.go:52: 数据库链接成功
INFO: 2025/12/18 23:35:35 log.go:52: 数据库迁移成功
INFO: 2025/12/18 23:35:35 log.go:52: 服务已经启动：8081
INFO: 2025/12/18 23:35:51 log.go:52: 获取文章列表成功: 1
INFO: 2025/12/18 23:38:10 log.go:52: 数据库链接成功
INFO: 2025/12/18 23:38:10 log.go:52: 数据库迁移成功
INFO: 2025/12/18 23:38:10 log.go:52: 服务已经启动：8081
INFO: 2025/12/18 23:38:15 log.go:52: 获取文章列表成功: 1
INFO: 2025/12/18 23:39:14 log.go:52: 数据库链接成功
INFO: 2025/12/18 23:39:14 log.go:52: 数据库迁移成功
INFO: 2025/12/18 23:39:14 log.go:52: 服务已经启动：8081
INFO: 2025/12/18 23:45:57 log.go:52: 数据库链接成功
INFO: 2025/12/18 23:45:57 log.go:52: 数据库迁移成功
INFO: 2025/12/18 23:45:57 log.go:52: 服务已经启动：8081
INFO: 2025/12/18 23:49:05 log.go:52: 数据库链接成功
INFO: 2025/12/18 23:49:05 log.go:52: 数据库迁移成功
INFO: 2025/12/18 23:49:05 log.go:52: 服务已经启动：8081
INFO: 2025/12/18 23:50:56 log.go:52: 数据库链接成功
INFO: 2025/12/18 23:50:56 log.go:52: 数据库迁移成功
INFO: 2025/12/18 23:50:56 log.go:52: 服务已经启动：8081
INFO: 2025/12/18 23:55:03 log.go:52: 数据库链接成功
INFO: 2025/12/18 23:55:03 log.go:52: 数据库迁移成功
INFO: 2025/12/18 23:55:03 log.go:52: 服务已经启动：8081
INFO: 2025/12/18 23:55:06 log.go:52: 获取文章列表成功: 1
INFO: 2025/12/18 23:56:20 log.go:52: 数据库链接成功
INFO: 2025/12/18 23:56:20 log.go:52: 数据库迁移成功
INFO: 2025/12/18 23:56:20 log.go:52: 服务已经启动：8081
INFO: 2025/12/18 23:57:48 log.go:52: 数据库链接成功
INFO: 2025/12/18 23:57:48 log.go:52: 数据库迁移成功
INFO: 2025/12/18 23:57:48 log.go:52: 服务已经启动：8081
INFO: 2025/12/18 23:59:50 log.go:52: 数据库链接成功
INFO: 2025/12/18 23:59:50 log.go:52: 数据库迁移成功
INFO: 2025/12/19 00:00:27 log.go:52: 数据库链接成功
INFO: 2025/12/19 00:00:27 log.go:52: 数据库迁移成功
INFO: 2025/12/19 00:02:39 log.go:52: 数据库链接成功
INFO: 2025/12/19 00:02:39 log.go:52: 数据库迁移成功
INFO: 2025/12/19 00:02:39 log.go:52: 服务已经启动：8081
INFO: 2025/12/19 00:06:58 log.go:52: 数据库链接成功
INFO: 2025/12/19 00:06:58 log.go:52: 数据库迁移成功
INFO: 2025/12/19 00:08:19 log.go:52: 数据库链接成功
INFO: 2025/12/19 00:08:19 log.go:52: 数据库迁移成功
INFO: 2025/12/19 00:08:19 log.go:52: 服务已经启动：8081
INFO: 2025/12/19 00:10:37 log.go:52: 数据库链接成功
INFO: 2025/12/19 00:10:37 log.go:52: 数据库迁移成功
INFO: 2025/12/19 00:10:37 log.go:52: 服务已经启动：8081
INFO: 2025/12/19 00:12:51 log.go:52: 数据库链接成功
INFO: 2025/12/19 00:12:51 log.go:52: 数据库迁移成功
INFO: 2025/12/19 00:12:51 log.go:52: 服务已经启动：8081
INFO: 2025/12/19 00:13:59 log.go:52: 数据库链接成功
INFO: 2025/12/19 00:13:59 log.go:52: 数据库迁移成功
INFO: 2025/12/19 00:13:59 log.go:52: 服务已经启动：8081
INFO: 2025/12/19 00:14:03 log.go:52: 获取文章成功: 1
INFO: 2025/12/19 00:17:38 log.go:52: 数据库链接成功
INFO: 2025/12/19 00:17:38 log.go:52: 数据库迁移成功
INFO: 2025/12/19 00:17:38 log.go:52: 服务已经启动：8081
INFO: 2025/12/19 00:17:46 log.go:52: 获取文章列表成功: 1
INFO: 2025/12/19 00:17:48 log.go:52: 获取文章成功: 1
INFO: 2025/12/19 00:19:24 log.go:52: 数据库链接成功
INFO: 2025/12/19 00:19:24 log.go:52: 数据库迁移成功
INFO: 2025/12/19 00:19:24 log.go:52: 服务已经启动：8081
INFO: 2025/12/19 00:19:36 log.go:52: 获取文章成功: 1
INFO: 2025/12/19 00:50:57 log.go:52: 数据库链接成功
INFO: 2025/12/19 00:50:57 log.go:52: 数据库迁移成功
INFO: 2025/12/19 00:50:57 log.go:52: 服务已经启动：8081
INFO: 2025/12/19 00:51:02 log.go:52: 获取文章成功: 1
INFO: 2025/12/19 00:57:17 log.go:52: 数据库链接成功
INFO: 2025/12/19 00:57:17 log.go:52: 数据库迁移成功
INFO: 2025/12/19 00:57:17 log.go:52: 服务已经启动：8081
INFO: 2025/12/19 00:57:37 log.go:52: 获取文章成功: 1
INFO: 2025/12/19 01:00:24 log.go:52: 数据库链接成功
INFO: 2025/12/19 01:00:24 log.go:52: 数据库迁移成功
INFO: 2025/12/19 01:00:24 log.go:52: 服务已经启动：8081
INFO: 2025/12/19 01:00:28 log.go:52: 获取文章成功: 1
INFO: 2025/12/19 01:01:15 log.go:52: 获取文章成功: 1
INFO: 2025/12/19 11:27:42 log.go:52: 数据库链接成功
INFO: 2025/12/19 11:27:42 log.go:52: 数据库迁移成功
INFO: 2025/12/19 11:27:42 log.go:52: 服务已经启动：8081
INFO: 2025/12/19 11:27:52 log.go:52: 获取文章成功: 1
INFO: 2025/12/19 11:32:42 log.go:52: 数据库链接成功
INFO: 2025/12/19 11:32:42 log.go:52: 数据库迁移成功
INFO: 2025/12/19 11:32:42 log.go:52: 服务已经启动：8081
INFO: 2025/12/19 11:32:47 log.go:52: 获取文章成功: 1
INFO: 2025/12/19 11:34:23 log.go:52: 数据库链接成功
INFO: 2025/12/19 11:34:23 log.go:52: 数据库迁移成功
INFO: 2025/12/19 11:34:23 log.go:52: 服务已经启动：8081
INFO: 2025/12/19 11:34:30 log.go:52: 获取文章成功: 1
INFO: 2025/12/19 11:36:08 log.go:52: 数据库链接成功
INFO: 2025/12/19 11:36:08 log.go:52: 数据库迁移成功
INFO: 2025/12/19 11:36:08 log.go:52: 服务已经启动：8081
INFO: 2025/12/19 11:36:14 log.go:52: 获取文章成功: 1
INFO: 2025/12/19 11:39:15 log.go:52: 数据库链接成功
INFO: 2025/12/19 11:39:15 log.go:52: 数据库迁移成功
INFO: 2025/12/19 11:39:15 log.go:52: 服务已经启动：8081
INFO: 2025/12/19 11:39:18 log.go:52: 获取文章成功: 1
INFO: 2025/12/19 11:40:58 log.go:52: 数据库链接成功
INFO: 2025/12/19 11:40:58 log.go:52: 数据库迁移成功
INFO: 2025/12/19 11:40:58 log.go:52: 服务已经启动：8081
INFO: 2025/12/19 15:47:14 log.go:52: 数据库链接成功
INFO: 2025/12/19 15:47:14 log.go:52: 数据库迁移成功
INFO: 2025/12/19 15:47:14 log.go:52: 服务已经启动：8081
INFO: 2025/12/19 15:51:25 log.go:52: 数据库链接成功
INFO: 2025/12/19 15:51:25 log.go:52: 数据库迁移成功
INFO: 2025/12/19 15:51:25 log.go:52: 服务已经启动：8081
INFO: 2025/12/19 16:24:06 log.go:52: 数据库链接成功
INFO: 2025/12/19 16:24:06 log.go:52: 数据库迁移成功
INFO: 2025/12/19 16:24:06 log.go:52: 服务已经启动：8081
INFO: 2025/12/19 16:24:44 log.go:52: 获取文章列表成功: 1
INFO: 2025/12/19 16:26:40 log.go:52: 数据库链接成功
INFO: 2025/12/19 16:26:40 log.go:52: 数据库迁移成功
INFO: 2025/12/19 16:26:40 log.go:52: 服务已经启动：8081
INFO: 2025/12/19 16:28:12 log.go:52: 数据库链接成功
INFO: 2025/12/19 16:28:12 log.go:52: 数据库迁移成功
INFO: 2025/12/19 16:28:12 log.go:52: 服务已经启动：8081
INFO: 2025/12/19 16:29:03 log.go:52: 数据库链接成功
INFO: 2025/12/19 16:29:03 log.go:52: 数据库迁移成功
INFO: 2025/12/19 16:29:03 log.go:52: 服务已经启动：8081
INFO: 2025/12/19 16:36:23 log.go:52: 数据库链接成功
INFO: 2025/12/19 16:36:23 log.go:52: 数据库迁移成功
INFO: 2025/12/19 16:36:23 log.go:52: 服务已经启动：8081
INFO: 2025/12/19 16:36:55 log.go:52: 获取文章列表成功: 1
INFO: 2025/12/19 16:36:57 log.go:52: 获取文章列表成功: 1
INFO: 2025/12/19 16:37:18 log.go:52: 获取文章列表成功: 1
INFO: 2025/12/19 16:37:22 log.go:52: 获取文章列表成功: 1
INFO: 2025/12/19 16:37:24 log.go:52: 获取文章成功: 1
INFO: 2025/12/19 16:49:13 log.go:52: 获取文章成功: 1
